2023-08-21 05:53:38 - Neovide panicked with the message 'If dragging, there should be a window details recorded'. (File: src\window\mouse_manager.rs; Line: 128, Column: 26)
   0: <unknown>
   1: <unknown>
   2: <unknown>
   3: <unknown>
   4: <unknown>
   5: <unknown>
   6: <unknown>
   7: <unknown>
   8: <unknown>
   9: <unknown>
  10: <unknown>
  11: <unknown>
  12: <unknown>
  13: <unknown>
  14: <unknown>
  15: <unknown>
  16: DefSubclassProc
  17: DefSubclassProc
  18: CallWindowProcW
  19: CallWindowProcW
  20: glPushClientAttrib
  21: CallWindowProcW
  22: DispatchMessageW
  23: <unknown>
  24: <unknown>
  25: <unknown>
  26: <unknown>
  27: <unknown>
  28: <unknown>
  29: <unknown>
  30: BaseThreadInitThunk
  31: RtlUserThreadStart

